<?xml version="1.0" encoding="UTF-8"?>
<!-- Generated by org.testng.reporters.JUnitReportReporter -->
<testsuite hostname="DESKTOP-JC5UOC0" failures="0" tests="3" name="tests.FullCrudTest" time="5.602" errors="0" timestamp="2025-05-13T18:22:08 IST" skipped="0">
  <testcase classname="tests.FullCrudTest" name="deleteUser" time="0.468"/>
  <system-out/>
  <testcase classname="tests.FullCrudTest" name="createUser" time="4.493"/>
  <system-out/>
  <testcase classname="tests.FullCrudTest" name="updateUser" time="0.641"/>
  <system-out/>
</testsuite> <!-- tests.FullCrudTest -->
