<?xml version="1.0" encoding="UTF-8"?>
<!-- Generated by org.testng.reporters.JUnitReportReporter -->
<testsuite hostname="DESKTOP-JC5UOC0" failures="0" tests="1" name="users.JSONBodyTest" time="5.080" errors="0" timestamp="2025-08-07T21:25:06 IST" skipped="0">
  <testcase classname="users.JSONBodyTest" name="getSingleUser" time="5.080"/>
  <system-out/>
</testsuite> <!-- users.JSONBodyTest -->
