<?xml version="1.0" encoding="UTF-8"?>
<!-- Generated by org.testng.reporters.JUnitReportReporter -->
<testsuite hostname="DESKTOP-JC5UOC0" failures="0" tests="1" name="users.JSONBodyTest" time="5.828" errors="0" timestamp="2025-05-14T22:04:39 IST" skipped="0">
  <testcase classname="users.JSONBodyTest" name="postCreateUser3" time="5.828"/>
  <system-out/>
</testsuite> <!-- users.JSONBodyTest -->
