<?xml version="1.0" encoding="UTF-8"?>
<!-- Generated by org.testng.reporters.JUnitReportReporter -->
<testsuite hostname="DESKTOP-JC5UOC0" failures="0" tests="1" name="users.GetUserTest2" time="4.843" errors="0" timestamp="2025-05-14T21:47:44 IST" skipped="0">
  <testcase classname="users.GetUserTest2" name="getListUsers" time="4.843"/>
  <system-out/>
</testsuite> <!-- users.GetUserTest2 -->
