<?xml version="1.0" encoding="UTF-8"?>
<!-- Generated by org.testng.reporters.JUnitReportReporter -->
<testsuite hostname="DESKTOP-JC5UOC0" failures="0" tests="1" name="assignments.Assignment3" time="6.232" errors="0" timestamp="2025-08-08T20:19:57 IST" skipped="0">
  <testcase classname="assignments.Assignment3" name="verifyOAuthAuthentication" time="6.232"/>
  <system-out/>
</testsuite> <!-- assignments.Assignment3 -->
