<?xml version="1.0" encoding="UTF-8"?>
<!-- Generated by org.testng.reporters.JUnitReportReporter -->
<testsuite hostname="DESKTOP-JC5UOC0" failures="0" tests="1" name="users.GetUserTest2" time="5.374" errors="0" timestamp="2025-08-07T22:42:58 IST" skipped="0">
  <testcase classname="users.GetUserTest2" name="getUserDetails1" time="5.374"/>
  <system-out/>
</testsuite> <!-- users.GetUserTest2 -->
