<?xml version="1.0" encoding="UTF-8"?>
<!-- Generated by org.testng.reporters.JUnitReportReporter -->
<testsuite hostname="DESKTOP-JC5UOC0" failures="0" tests="5" name="tests.RestfulBookerTests" time="7.135" errors="0" timestamp="2025-05-14T22:58:26 IST" skipped="0">
  <testcase classname="tests.RestfulBookerTests" name="testCreateBooking" time="1.524"/>
  <system-out/>
  <testcase classname="tests.RestfulBookerTests" name="testGetBookingById" time="1.420"/>
  <system-out/>
  <testcase classname="tests.RestfulBookerTests" name="testUpdateBookingWithPut" time="1.339"/>
  <system-out/>
  <testcase classname="tests.RestfulBookerTests" name="testPartialUpdateWithPatch" time="1.432"/>
  <system-out/>
  <testcase classname="tests.RestfulBookerTests" name="testDeleteBooking" time="1.420"/>
  <system-out/>
</testsuite> <!-- tests.RestfulBookerTests -->
