<?xml version="1.0" encoding="UTF-8"?>
<!-- Generated by org.testng.reporters.JUnitReportReporter -->
<testsuite hostname="DESKTOP-JC5UOC0" failures="0" tests="3" name="tests.FullCrudTest" time="12.520" errors="0" timestamp="2025-08-06T22:33:59 IST" skipped="0">
  <testcase classname="tests.FullCrudTest" name="createUser" time="11.011"/>
  <system-out/>
  <testcase classname="tests.FullCrudTest" name="deleteUser" time="0.632"/>
  <system-out/>
  <testcase classname="tests.FullCrudTest" name="updateUser" time="0.877"/>
  <system-out/>
</testsuite> <!-- tests.FullCrudTest -->
