<?xml version="1.0" encoding="UTF-8"?>
<!-- Generated by org.testng.reporters.JUnitReportReporter -->
<testsuite hostname="DESKTOP-JC5UOC0" failures="0" tests="1" name="assignments.Question1" time="4.986" errors="0" timestamp="2025-05-16T08:26:48 IST" skipped="0">
  <testcase classname="assignments.Question1" name="findPetByStatus" time="4.986"/>
  <system-out/>
</testsuite> <!-- assignments.Question1 -->
