<?xml version="1.0" encoding="UTF-8"?>
<!-- Generated by org.testng.reporters.JUnitReportReporter -->
<testsuite hostname="DESKTOP-JC5UOC0" failures="0" tests="1" name="assignments.Assignment3" time="5.214" errors="0" timestamp="2025-08-08T12:02:35 IST" skipped="0">
  <testcase classname="assignments.Assignment3" name="verifyOAuthAuthentication" time="5.214"/>
  <system-out/>
</testsuite> <!-- assignments.Assignment3 -->
