<?xml version="1.0" encoding="UTF-8"?>
<!-- Generated by org.testng.reporters.JUnitReportReporter -->
<testsuite hostname="DESKTOP-JC5UOC0" failures="0" tests="5" name="tests.ReqresApiTests" time="6.310" errors="0" timestamp="2025-05-14T22:59:15 IST" skipped="0">
  <testcase classname="tests.ReqresApiTests" name="testUpdateUserWithPatch" time="0.650"/>
  <system-out/>
  <testcase classname="tests.ReqresApiTests" name="testGetUsers" time="0.306"/>
  <system-out/>
  <testcase classname="tests.ReqresApiTests" name="testUpdateUserWithPut" time="0.579"/>
  <system-out/>
  <testcase classname="tests.ReqresApiTests" name="testCreateUser" time="4.248"/>
  <system-out/>
  <testcase classname="tests.ReqresApiTests" name="testDeleteUser" time="0.527"/>
  <system-out/>
</testsuite> <!-- tests.ReqresApiTests -->
