<?xml version="1.0" encoding="UTF-8"?>
<!-- Generated by org.testng.reporters.JUnitReportReporter -->
<testsuite hostname="DESKTOP-JC5UOC0" failures="0" tests="5" name="tests.ReqresApiTests" time="9.103" errors="0" timestamp="2025-08-06T22:37:42 IST" skipped="0">
  <testcase classname="tests.ReqresApiTests" name="testUpdateUserWithPut" time="0.563"/>
  <system-out/>
  <testcase classname="tests.ReqresApiTests" name="testCreateUser" time="6.275"/>
  <system-out/>
  <testcase classname="tests.ReqresApiTests" name="testGetUsers" time="0.387"/>
  <system-out/>
  <testcase classname="tests.ReqresApiTests" name="testUpdateUserWithPatch" time="1.144"/>
  <system-out/>
  <testcase classname="tests.ReqresApiTests" name="testDeleteUser" time="0.734"/>
  <system-out/>
</testsuite> <!-- tests.ReqresApiTests -->
