<?xml version="1.0" encoding="UTF-8"?>
<!-- Generated by org.testng.reporters.JUnitReportReporter -->
<testsuite hostname="DESKTOP-JC5UOC0" failures="0" tests="1" name="assignments.Assignment2" time="5.999" errors="0" timestamp="2025-08-08T11:54:54 IST" skipped="0">
  <testcase classname="assignments.Assignment2" name="createProductUsingPOJO" time="5.999"/>
  <system-out/>
</testsuite> <!-- assignments.Assignment2 -->
