<?xml version="1.0" encoding="UTF-8"?>
<!-- Generated by org.testng.reporters.JUnitReportReporter -->
<testsuite hostname="DESKTOP-JC5UOC0" failures="0" tests="1" name="users.GetUser" time="3.025" errors="0" timestamp="2025-05-14T21:43:37 IST" skipped="0">
  <testcase classname="users.GetUser" name="getListUsers" time="3.025"/>
  <system-out/>
</testsuite> <!-- users.GetUser -->
